<?xml version="1.0" encoding="UTF-8"?>
<!-- Generated by org.testng.reporters.JUnitReportReporter -->
<testsuite hostname="shashi" name="automationFramework.TestListener" tests="1" failures="0" timestamp="14 Nov 2016 11:40:54 GMT" time="0.058" errors="0">
  <testcase name="main" time="0.058" classname="automationFramework.TestListener"/>
</testsuite> <!-- automationFramework.TestListener -->
