<?xml version="1.0" encoding="UTF-8"?>
<!-- Generated by org.testng.reporters.JUnitReportReporter -->
<testsuite hostname="shashi" name="automationFramework.MultipleTestwithpriority" tests="3" failures="0" timestamp="7 Nov 2016 16:43:58 GMT" time="0.035" errors="0">
  <testcase name="One" time="0.017" classname="automationFramework.MultipleTestwithpriority"/>
  <testcase name="Two" time="0.014" classname="automationFramework.MultipleTestwithpriority"/>
  <testcase name="Three" time="0.004" classname="automationFramework.MultipleTestwithpriority"/>
</testsuite> <!-- automationFramework.MultipleTestwithpriority -->
