<?xml version="1.0" encoding="UTF-8"?>
<!-- Generated by org.testng.reporters.JUnitReportReporter -->
<testsuite hostname="shashi" name="automationFramework.MultipleTest" tests="4" failures="0" timestamp="7 Nov 2016 16:17:06 GMT" time="0.042" errors="0">
  <testcase name="Four" time="0.016" classname="automationFramework.MultipleTest"/>
  <testcase name="Two" time="0.016" classname="automationFramework.MultipleTest"/>
  <testcase name="One" time="0.005" classname="automationFramework.MultipleTest"/>
  <testcase name="Three" time="0.005" classname="automationFramework.MultipleTest"/>
</testsuite> <!-- automationFramework.MultipleTest -->
