<?xml version="1.0" encoding="UTF-8"?>
<!-- Generated by org.testng.reporters.JUnitReportReporter -->
<testsuite hostname="shashi" name="automationFramework.ReporterLogs" tests="1" failures="0" timestamp="10 Nov 2016 11:59:44 GMT" time="37.051" errors="0">
  <testcase name="test" time="37.051" classname="automationFramework.ReporterLogs"/>
</testsuite> <!-- automationFramework.ReporterLogs -->
