<?xml version="1.0" encoding="UTF-8"?>
<!-- Generated by org.testng.reporters.JUnitReportReporter -->
<testsuite hostname="shashi" name="automationFramework.Dependent" tests="3" failures="0" timestamp="7 Nov 2016 15:10:16 GMT" time="0.021" errors="0">
  <testcase name="LogOut" time="0.001" classname="automationFramework.Dependent"/>
  <testcase name="OpenBrowser" time="0.018" classname="automationFramework.Dependent"/>
  <testcase name="SignIn" time="0.002" classname="automationFramework.Dependent"/>
</testsuite> <!-- automationFramework.Dependent -->
