<?xml version="1.0" encoding="UTF-8"?>
<!-- Generated by org.testng.reporters.JUnitReportReporter -->
<testsuite hostname="shashi" name="automationFramework.Grouping" tests="5" failures="0" timestamp="7 Nov 2016 02:52:36 GMT" time="0.030" errors="0">
  <testcase name="Scooter2" time="0.002" classname="automationFramework.Grouping"/>
  <testcase name="Car2" time="0.004" classname="automationFramework.Grouping"/>
  <testcase name="Sedan1" time="0.003" classname="automationFramework.Grouping"/>
  <testcase name="Scooter1" time="0.002" classname="automationFramework.Grouping"/>
  <testcase name="Car1" time="0.019" classname="automationFramework.Grouping"/>
</testsuite> <!-- automationFramework.Grouping -->
