<?xml version="1.0" encoding="UTF-8"?>
<!-- Generated by org.testng.reporters.JUnitReportReporter -->
<testsuite hostname="shashi" name="automationFramework.DataProviderTest" tests="2" failures="0" timestamp="13 Nov 2016 16:15:13 GMT" time="58.673" errors="0">
  <testcase name="test" time="23.044" classname="automationFramework.DataProviderTest"/>
  <testcase name="test" time="35.629" classname="automationFramework.DataProviderTest"/>
</testsuite> <!-- automationFramework.DataProviderTest -->
