<?xml version="1.0" encoding="UTF-8"?>
<!-- Generated by org.testng.reporters.JUnitReportReporter -->
<testsuite hostname="shashi" name="automationFramework.TestNG" tests="1" failures="0" timestamp="24 Dec 2016 08:29:43 GMT" time="42.342" errors="0">
  <testcase name="main" time="42.342" classname="automationFramework.TestNG"/>
</testsuite> <!-- automationFramework.TestNG -->
