<?xml version="1.0" encoding="UTF-8"?>
<!-- Generated by org.testng.reporters.JUnitReportReporter -->
<testsuite hostname="shashi" name="automationFramework.Sequencing" tests="2" failures="0" timestamp="7 Nov 2016 02:02:38 GMT" time="0.014" errors="0">
  <testcase name="testCase2" time="0.003" classname="automationFramework.Sequencing"/>
  <testcase name="testCase1" time="0.011" classname="automationFramework.Sequencing"/>
</testsuite> <!-- automationFramework.Sequencing -->
